total 2664
-rwxrwxr-x 1 mszadm users    1191 Aug  2 10:27 import.ksh
-rw-r--r-- 1 mszadm users   57859 Aug  2 10:27 courses0708.txt
-rw-r--r-- 1 mszadm users  740321 Aug  2 10:27 popdlhe0708.txt
-rw-r--r-- 1 mszadm users  740321 Aug  2 10:27 KLogger.txt
-rw-r--r-- 1 mszadm users 1160411 Aug  2 10:27 extract0708.txt
-rw-r--r-- 1 mszadm users       0 Aug  2 10:29 import_17350.log
dos2unix: converting file courses0708.txt to UNIX format ...
dos2unix: converting file extract0708.txt to UNIX format ...
dos2unix: converting file popdlhe0708.txt to UNIX format ...
/usr/local/lib/gems/docs/uon_specific/import12
total 2652
-rwxrwxr-x 1 mszadm users    1191 Aug  2 10:27 import.ksh
-rw-r--r-- 1 mszadm users  740321 Aug  2 10:27 KLogger.txt
-rw-r--r-- 1 mszadm users  732216 Aug  2 10:29 popdlhe0708.txt
-rw-r--r-- 1 mszadm users     611 Aug  2 10:29 import_17350.log
-rw-r--r-- 1 mszadm users 1155108 Aug  2 10:29 extract0708.txt
-rw-r--r-- 1 mszadm users   56320 Aug  2 10:29 courses0708.txt
find: tqi*.txt: No such file or directory
courses78
1539
extract78
5303
popdlhe78
8105
PROMPT set to 'delete data'
courses78
0
extract78
0
popdlhe78
0
courses78
1539
extract78
5303
popdlhe78
8105
