total 3392
-rwxrwxrwx 1 mszadm users 1754454 Nov 19 14:41 extract0910.txt
-rwxrwxrwx 1 mszadm users 1700478 Nov 19 14:42 extract0809.txt
-rwxrwxrwx 1 mszadm users     961 Nov 19 14:44 import.ksh
-rw-r--r-- 1 mszadm users       0 Nov 19 14:44 import.log
dos2unix: converting file extract0809.txt to UNIX format ...
dos2unix: converting file extract910.txt to UNIX format ...
dos2unix: problems converting file extract910.txt
/usr/local/lib/gems/docs/uon_specific/import35
total 3396
-rwxrwxrwx 1 mszadm users 1754454 Nov 19 14:41 extract0910.txt
-rwxrwxrwx 1 mszadm users     961 Nov 19 14:44 import.ksh
-rw-r--r-- 1 mszadm users     471 Nov 19 14:44 import.log
-rwxrwxrwx 1 mszadm users 1700478 Nov 19 14:44 extract0809.txt
8096 extract0809.txt
8343 extract0910.txt
extract89
0
extract910
0
extract1011
9575
PROMPT set to 'delete data'
extract89
0
extract910
0
extract89
8096
extract910
8343
