total 2244
-rw-r--r-- 1 mszadm users   70823 Jun  6 15:50 courses0809.txt
-rw-r--r-- 1 mszadm users  752959 Jun  6 15:51 popdlhe0809.txt
-rw-r--r-- 1 mszadm users    1039 Jun  6 15:51 import_31633.log
-rw-r--r-- 1 mszadm users 1447707 Jun  6 15:51 extract0809.txt
-rwxrwxr-x 1 mszadm users    1212 Jun  6 15:53 import0809.ksh
-rw-r--r-- 1 mszadm users       0 Jun  6 15:53 import_31698.log
dos2unix: converting file extract0809.txt to UNIX format ...
dos2unix: converting file courses0809.txt to UNIX format ...
dos2unix: converting file popdlhe0809.txt to UNIX format ...
/usr/local/lib/gems/docs/uon_specific/import4
total 2244
-rw-r--r-- 1 mszadm users    1039 Jun  6 15:51 import_31633.log
-rwxrwxr-x 1 mszadm users    1212 Jun  6 15:53 import0809.ksh
-rw-r--r-- 1 mszadm users  752959 Jun  6 15:53 popdlhe0809.txt
-rw-r--r-- 1 mszadm users     619 Jun  6 15:53 import_31698.log
-rw-r--r-- 1 mszadm users 1447707 Jun  6 15:53 extract0809.txt
-rw-r--r-- 1 mszadm users   69115 Jun  6 15:53 courses0809.txt
1708 courses0809.txt
8096 extract0809.txt
8096 popdlhe0809.txt
ERROR 1064 (42000) at line 15: You have an error in your SQL syntax; check the manual that corresponds to your MySQL server version for the right syntax to use near '*/
LOAD DATA INFILE '/usr/local/lib/gems/docs/uon_specific/import4/popdlhe0809.t' at line 1
extract0809
8157
courses0809
1720
popdlhe0809
8157
PROMPT set to 'delete data'
extract0809
0
courses0809
0
popdlhe0809
0
